[Logging] Writing output to logs/hparam_search/20251028-113004_run018_lstm_sl30_es60_lr0.001_bs32.log
Using CUDA device 7: NVIDIA RTX A6000
Train files: 60 | Validation files: 20 | Test files: 20
Using feature columns: ['C4-M1', 'F4-M1', 'O2-M1', 'Fp1-O2', 'T3 - CZ', 'CZ - T4', 'E1', 'E2', 'ECG', 'PTAF', 'FLOW', 'ABDOMEN', 'SAO2', 'BVP', 'ACC_X', 'ACC_Y', 'ACC_Z', 'TEMP', 'EDA', 'HR', 'IBI']
preprocess-dreamt:   0%|          | 0/60 [00:00<?, ?file/s]
--- Processing file: /data/ceragem/physionet.org/files/dreamt/2.1.0/data_100Hz/S025_PSG_df_updated.csv ---
preprocess-dreamt:   2%|1         | 1/60 [00:12<12:44, 12.96s/file]
--- Processing file: /data/ceragem/physionet.org/files/dreamt/2.1.0/data_100Hz/S010_PSG_df_updated.csv ---
preprocess-dreamt:   3%|3         | 2/60 [00:25<12:02, 12.46s/file]
--- Processing file: /data/ceragem/physionet.org/files/dreamt/2.1.0/data_100Hz/S013_PSG_df_updated.csv ---
preprocess-dreamt:   5%|5         | 3/60 [00:35<11:00, 11.58s/file]
--- Processing file: /data/ceragem/physionet.org/files/dreamt/2.1.0/data_100Hz/S009_PSG_df_updated.csv ---
preprocess-dreamt:   7%|6         | 4/60 [00:46<10:22, 11.12s/file]
--- Processing file: /data/ceragem/physionet.org/files/dreamt/2.1.0/data_100Hz/S051_PSG_df_updated.csv ---
preprocess-dreamt:   8%|8         | 5/60 [00:54<09:24, 10.26s/file]
--- Processing file: /data/ceragem/physionet.org/files/dreamt/2.1.0/data_100Hz/S015_PSG_df_updated.csv ---
preprocess-dreamt:  10%|#         | 6/60 [01:09<10:40, 11.86s/file]
--- Processing file: /data/ceragem/physionet.org/files/dreamt/2.1.0/data_100Hz/S003_PSG_df_updated.csv ---
preprocess-dreamt:  12%|#1        | 7/60 [01:20<10:14, 11.60s/file]
--- Processing file: /data/ceragem/physionet.org/files/dreamt/2.1.0/data_100Hz/S095_PSG_df_updated.csv ---
preprocess-dreamt:  13%|#3        | 8/60 [01:30<09:35, 11.06s/file]
--- Processing file: /data/ceragem/physionet.org/files/dreamt/2.1.0/data_100Hz/S098_PSG_df_updated.csv ---
preprocess-dreamt:  15%|#5        | 9/60 [01:42<09:30, 11.19s/file]
--- Processing file: /data/ceragem/physionet.org/files/dreamt/2.1.0/data_100Hz/S057_PSG_df_updated.csv ---
preprocess-dreamt:  17%|#6        | 10/60 [01:52<09:10, 11.01s/file]
--- Processing file: /data/ceragem/physionet.org/files/dreamt/2.1.0/data_100Hz/S018_PSG_df_updated.csv ---
preprocess-dreamt:  18%|#8        | 11/60 [02:06<09:40, 11.85s/file]
--- Processing file: /data/ceragem/physionet.org/files/dreamt/2.1.0/data_100Hz/S067_PSG_df_updated.csv ---
preprocess-dreamt:  20%|##        | 12/60 [02:19<09:39, 12.08s/file]
--- Processing file: /data/ceragem/physionet.org/files/dreamt/2.1.0/data_100Hz/S055_PSG_df_updated.csv ---
preprocess-dreamt:  22%|##1       | 13/60 [02:31<09:24, 12.02s/file]
--- Processing file: /data/ceragem/physionet.org/files/dreamt/2.1.0/data_100Hz/S044_PSG_df_updated.csv ---
preprocess-dreamt:  22%|##1       | 13/60 [02:34<09:17, 11.87s/file]
